<?xml version="1.0" encoding="UTF-8"?>
<!-- Generated by org.testng.reporters.JUnitXMLReporter -->
<testsuite ignored="0" hostname="fdbccbae305176625efeecefdccebatwo-0" failures="0" tests="3" name="Surefire test" time="42.398" errors="0" timestamp="2023-09-16T07:55:35 UTC">
  <testcase classname="runner.Testcase1" name="Register" time="16.045"/>
  <testcase classname="runner.Testcase1" name="Valid_Login_TC" time="2.878"/>
  <testcase classname="runner.Testcase1" name="WithdrawTest" time="10.565"/>
</testsuite> <!-- Surefire test -->
