<?xml version="1.0" encoding="UTF-8"?>
<testng-results ignored="0" total="3" passed="3" failed="0" skipped="0">
  <reporter-output>
  </reporter-output>
  <suite started-at="2023-09-16T07:54:53 UTC" name="Surefire suite" finished-at="2023-09-16T07:55:35 UTC" duration-ms="42398">
    <groups>
    </groups>
    <test started-at="2023-09-16T07:54:53 UTC" name="Surefire test" finished-at="2023-09-16T07:55:35 UTC" duration-ms="42398">
      <class name="runner.Testcase1">
        <test-method is-config="true" signature="beforeMethod()[pri:0, instance:runner.Testcase1@54c5a2ff]" started-at="2023-09-16T07:54:54 UTC" name="beforeMethod" finished-at="2023-09-16T07:54:59 UTC" duration-ms="5108" status="PASS">
          <reporter-output>
          </reporter-output>
        </test-method> <!-- beforeMethod -->
        <test-method signature="Register(java.lang.String,java.lang.String,java.lang.String,java.lang.String)[pri:1, instance:runner.Testcase1@54c5a2ff]" started-at="2023-09-16T07:54:59 UTC" name="Register" data-provider="testData" finished-at="2023-09-16T07:55:15 UTC" duration-ms="16045" status="PASS">
          <params>
            <param index="0">
              <value>
                <![CDATA[S@gmail.com]]>
              </value>
            </param>
            <param index="1">
              <value>
                <![CDATA[P@ssword12]]>
              </value>
            </param>
            <param index="2">
              <value>
                <![CDATA[5000]]>
              </value>
            </param>
            <param index="3">
              <value>
                <![CDATA[3000]]>
              </value>
            </param>
          </params>
          <reporter-output>
          </reporter-output>
        </test-method> <!-- Register -->
        <test-method is-config="true" signature="afterMethod()[pri:0, instance:runner.Testcase1@54c5a2ff]" started-at="2023-09-16T07:55:15 UTC" name="afterMethod" finished-at="2023-09-16T07:55:16 UTC" duration-ms="500" status="PASS">
          <reporter-output>
          </reporter-output>
        </test-method> <!-- afterMethod -->
        <test-method is-config="true" signature="beforeMethod()[pri:0, instance:runner.Testcase1@54c5a2ff]" started-at="2023-09-16T07:55:16 UTC" name="beforeMethod" finished-at="2023-09-16T07:55:18 UTC" duration-ms="2587" status="PASS">
          <reporter-output>
          </reporter-output>
        </test-method> <!-- beforeMethod -->
        <test-method signature="Valid_Login_TC(java.lang.String,java.lang.String,java.lang.String,java.lang.String)[pri:2, instance:runner.Testcase1@54c5a2ff]" started-at="2023-09-16T07:55:18 UTC" name="Valid_Login_TC" data-provider="testData" finished-at="2023-09-16T07:55:21 UTC" duration-ms="2878" status="PASS">
          <params>
            <param index="0">
              <value>
                <![CDATA[S@gmail.com]]>
              </value>
            </param>
            <param index="1">
              <value>
                <![CDATA[P@ssword12]]>
              </value>
            </param>
            <param index="2">
              <value>
                <![CDATA[5000]]>
              </value>
            </param>
            <param index="3">
              <value>
                <![CDATA[3000]]>
              </value>
            </param>
          </params>
          <reporter-output>
          </reporter-output>
        </test-method> <!-- Valid_Login_TC -->
        <test-method is-config="true" signature="afterMethod()[pri:0, instance:runner.Testcase1@54c5a2ff]" started-at="2023-09-16T07:55:21 UTC" name="afterMethod" finished-at="2023-09-16T07:55:21 UTC" duration-ms="188" status="PASS">
          <reporter-output>
          </reporter-output>
        </test-method> <!-- afterMethod -->
        <test-method is-config="true" signature="beforeMethod()[pri:0, instance:runner.Testcase1@54c5a2ff]" started-at="2023-09-16T07:55:22 UTC" name="beforeMethod" finished-at="2023-09-16T07:55:24 UTC" duration-ms="2721" status="PASS">
          <reporter-output>
          </reporter-output>
        </test-method> <!-- beforeMethod -->
        <test-method signature="WithdrawTest(java.lang.String,java.lang.String,java.lang.String,java.lang.String)[pri:3, instance:runner.Testcase1@54c5a2ff]" started-at="2023-09-16T07:55:24 UTC" name="WithdrawTest" data-provider="testData" finished-at="2023-09-16T07:55:35 UTC" duration-ms="10565" status="PASS">
          <params>
            <param index="0">
              <value>
                <![CDATA[S@gmail.com]]>
              </value>
            </param>
            <param index="1">
              <value>
                <![CDATA[P@ssword12]]>
              </value>
            </param>
            <param index="2">
              <value>
                <![CDATA[5000]]>
              </value>
            </param>
            <param index="3">
              <value>
                <![CDATA[3000]]>
              </value>
            </param>
          </params>
          <reporter-output>
          </reporter-output>
        </test-method> <!-- WithdrawTest -->
        <test-method is-config="true" signature="afterMethod()[pri:0, instance:runner.Testcase1@54c5a2ff]" started-at="2023-09-16T07:55:35 UTC" name="afterMethod" finished-at="2023-09-16T07:55:35 UTC" duration-ms="120" status="PASS">
          <reporter-output>
          </reporter-output>
        </test-method> <!-- afterMethod -->
      </class> <!-- runner.Testcase1 -->
    </test> <!-- Surefire test -->
  </suite> <!-- Surefire suite -->
</testng-results>
